#
# There is insufficient memory for the Java Runtime Environment to continue.
# Native memory allocation (malloc) failed to allocate 690976 bytes for Chunk::new
# Possible reasons:
#   The system is out of physical RAM or swap space
#   The process is running with CompressedOops enabled, and the Java Heap may be blocking the growth of the native heap
# Possible solutions:
#   Reduce memory load on the system
#   Increase physical memory or swap space
#   Check if swap backing store is full
#   Decrease Java heap size (-Xmx/-Xms)
#   Decrease number of Java threads
#   Decrease Java thread stack sizes (-Xss)
#   Set larger code cache with -XX:ReservedCodeCacheSize=
#   JVM is running with Unscaled Compressed Oops mode in which the Java heap is
#     placed in the first 4GB address space. The Java Heap base address is the
#     maximum limit for the native heap growth. Please use -XX:HeapBaseMinAddress
#     to set the Java Heap base and to place the Java Heap above 4GB virtual address.
# This output file may be truncated or incomplete.
#
#  Out of Memory Error (allocation.cpp:389), pid=22476, tid=0x0000000000003934
#
# JRE version: OpenJDK Runtime Environment (8.0_212-b04) (build 1.8.0_212-release-1586-b04)
# Java VM: OpenJDK 64-Bit Server VM (25.212-b04 mixed mode windows-amd64 compressed oops)
# Failed to write core dump. Minidumps are not enabled by default on client versions of Windows
#

---------------  T H R E A D  ---------------

Current thread (0x0000000018489000):  JavaThread "C2 CompilerThread2" daemon [_thread_in_native, id=14644, stack(0x0000000018f50000,0x0000000019050000)]

Stack: [0x0000000018f50000,0x0000000019050000]
[error occurred during error reporting (printing stack bounds), id 0xc0000005]

Native frames: (J=compiled Java code, j=interpreted, Vv=VM code, C=native code)


Current CompileTask:
C2:  38904 16600   !   4       java.io.ObjectOutputStream::writeObject0 (619 bytes)


---------------  P R O C E S S  ---------------

Java Threads: ( => current thread )
  0x0000000022eca800 JavaThread "WorkerExecutor Queue Thread 7" [_thread_blocked, id=23740, stack(0x0000000029fd0000,0x000000002a0d0000)]
  0x0000000022bbf800 JavaThread "WorkerExecutor Queue Thread 6" [_thread_blocked, id=14300, stack(0x0000000029ed0000,0x0000000029fd0000)]
  0x0000000022bc2800 JavaThread "WorkerExecutor Queue Thread 5" [_thread_blocked, id=4428, stack(0x00000000299d0000,0x0000000029ad0000)]
  0x0000000022bc1800 JavaThread "WorkerExecutor Queue Thread 4" [_thread_blocked, id=23204, stack(0x00000000298d0000,0x00000000299d0000)]
  0x0000000022bc1000 JavaThread "WorkerExecutor Queue Thread 3" [_thread_blocked, id=11244, stack(0x00000000297d0000,0x00000000298d0000)]
  0x0000000022bbe000 JavaThread "WorkerExecutor Queue Thread 2" [_thread_blocked, id=5784, stack(0x00000000296d0000,0x00000000297d0000)]
  0x0000000022bb6800 JavaThread "WorkerExecutor Queue" [_thread_in_native, id=3084, stack(0x00000000295d0000,0x00000000296d0000)]
  0x0000000022bbd000 JavaThread "ForkJoinPool.commonPool-worker-3" daemon [_thread_blocked, id=15452, stack(0x0000000027f40000,0x0000000028040000)]
  0x0000000022bb8800 JavaThread "ForkJoinPool.commonPool-worker-2" daemon [_thread_blocked, id=22004, stack(0x0000000027e40000,0x0000000027f40000)]
  0x0000000022bbb800 JavaThread "ForkJoinPool.commonPool-worker-1" daemon [_thread_blocked, id=9092, stack(0x0000000027d40000,0x0000000027e40000)]
  0x0000000022bb5800 JavaThread "Cache worker for Java compile cache (D:\Nachos_04.03.2021\.gradle\5.6.4\javaCompile)" [_thread_blocked, id=20040, stack(0x0000000026670000,0x0000000026770000)]
  0x0000000020247800 JavaThread "Cache worker for Java compile cache (C:\Users\Eldad\.gradle\caches\5.6.4\javaCompile)" [_thread_blocked, id=3828, stack(0x0000000026570000,0x0000000026670000)]
  0x000000001e133800 JavaThread "Cache worker for execution history cache (D:\Nachos_04.03.2021\.gradle\5.6.4\executionHistory)" [_thread_blocked, id=20384, stack(0x0000000026470000,0x0000000026570000)]
  0x000000001e12f000 JavaThread "Execution worker for ':' Thread 7" [_thread_blocked, id=3832, stack(0x0000000026170000,0x0000000026270000)]
  0x000000001e12d800 JavaThread "Execution worker for ':' Thread 6" [_thread_blocked, id=24572, stack(0x0000000026070000,0x0000000026170000)]
  0x000000001e132000 JavaThread "Execution worker for ':' Thread 5" [_thread_blocked, id=18652, stack(0x0000000025f70000,0x0000000026070000)]
  0x000000001e12d000 JavaThread "Execution worker for ':' Thread 4" [_thread_blocked, id=19236, stack(0x0000000025e70000,0x0000000025f70000)]
  0x000000001e131800 JavaThread "Execution worker for ':' Thread 3" [_thread_blocked, id=1668, stack(0x0000000025b30000,0x0000000025c30000)]
  0x000000001e130800 JavaThread "Execution worker for ':' Thread 2" [_thread_blocked, id=5084, stack(0x0000000025a30000,0x0000000025b30000)]
  0x000000001e130000 JavaThread "Execution worker for ':'" [_thread_blocked, id=17284, stack(0x0000000025930000,0x0000000025a30000)]
  0x000000001e12c000 JavaThread "Cache worker for file content cache (D:\Nachos_04.03.2021\.gradle\5.6.4\fileContent)" [_thread_blocked, id=9716, stack(0x0000000025430000,0x0000000025530000)]
  0x000000002024b800 JavaThread "Cache worker for file content cache (C:\Users\Eldad\.gradle\caches\5.6.4\fileContent)" [_thread_blocked, id=23176, stack(0x00000000242f0000,0x00000000243f0000)]
  0x0000000020247000 JavaThread "Memory manager" [_thread_blocked, id=10584, stack(0x00000000239e0000,0x0000000023ae0000)]
  0x0000000020248800 JavaThread "Cache worker for Build Output Cleanup Cache (D:\Nachos_04.03.2021\.gradle\buildOutputCleanup)" [_thread_blocked, id=19664, stack(0x00000000236e0000,0x00000000237e0000)]
  0x0000000020245800 JavaThread "Build operations Thread 8" [_thread_blocked, id=1784, stack(0x0000000022fe0000,0x00000000230e0000)]
  0x0000000020244800 JavaThread "Build operations Thread 7" [_thread_blocked, id=14524, stack(0x0000000022ee0000,0x0000000022fe0000)]
  0x0000000020243000 JavaThread "Build operations Thread 6" [_thread_blocked, id=20284, stack(0x0000000021d60000,0x0000000021e60000)]
  0x0000000020242800 JavaThread "Build operations Thread 5" [_thread_blocked, id=19976, stack(0x0000000021c60000,0x0000000021d60000)]
  0x0000000020241800 JavaThread "Build operations Thread 4" [_thread_blocked, id=3768, stack(0x0000000021b60000,0x0000000021c60000)]
  0x0000000020241000 JavaThread "Build operations Thread 3" [_thread_blocked, id=16436, stack(0x0000000021a60000,0x0000000021b60000)]
  0x000000002023f800 JavaThread "Build operations Thread 2" [_thread_blocked, id=5480, stack(0x0000000021960000,0x0000000021a60000)]
  0x000000002023c800 JavaThread "Build operations" [_thread_blocked, id=5624, stack(0x0000000021860000,0x0000000021960000)]
  0x000000002023e000 JavaThread "Cache worker for execution history cache (C:\Users\Eldad\.gradle\caches\5.6.4\executionHistory)" [_thread_blocked, id=22312, stack(0x0000000021560000,0x0000000021660000)]
  0x000000002023d000 JavaThread "Cache worker for cache directory md-rule (C:\Users\Eldad\.gradle\caches\5.6.4\md-rule)" [_thread_blocked, id=24488, stack(0x0000000021460000,0x0000000021560000)]
  0x0000000020240000 JavaThread "Cache worker for cache directory md-supplier (C:\Users\Eldad\.gradle\caches\5.6.4\md-supplier)" [_thread_blocked, id=22552, stack(0x000000001f8b0000,0x000000001f9b0000)]
  0x000000001aebf800 JavaThread "Cache worker for file hash cache (D:\Nachos_04.03.2021\.gradle\5.6.4\fileHashes)" [_thread_blocked, id=14648, stack(0x000000001f5a0000,0x000000001f6a0000)]
  0x000000001aec2800 JavaThread "Cache worker for journal cache (C:\Users\Eldad\.gradle\caches\journal-1)" [_thread_blocked, id=1472, stack(0x000000001d270000,0x000000001d370000)]
  0x000000001aec4800 JavaThread "File lock request listener" [_thread_in_native, id=23452, stack(0x000000001d170000,0x000000001d270000)]
  0x000000001aec0000 JavaThread "Cache worker for file hash cache (C:\Users\Eldad\.gradle\caches\5.6.4\fileHashes)" [_thread_blocked, id=9364, stack(0x000000001d070000,0x000000001d170000)]
  0x000000001afb3000 JavaThread "Thread-9" [_thread_blocked, id=18136, stack(0x000000001cd70000,0x000000001ce70000)]
  0x000000001afb1800 JavaThread "Stdin handler" [_thread_blocked, id=5420, stack(0x000000001cc70000,0x000000001cd70000)]
  0x000000001afaa800 JavaThread "Asynchronous log dispatcher for DefaultDaemonConnection: socket connection from /127.0.0.1:50556 to /127.0.0.1:50557" [_thread_blocked, id=22236, stack(0x000000001ca70000,0x000000001cb70000)]
  0x000000001afa4800 JavaThread "Daemon worker" [_thread_blocked, id=2256, stack(0x000000001c970000,0x000000001ca70000)]
  0x000000001afa4000 JavaThread "Cancel handler" [_thread_blocked, id=22996, stack(0x000000001c870000,0x000000001c970000)]
  0x000000001af79000 JavaThread "Handler for socket connection from /127.0.0.1:50556 to /127.0.0.1:50557" [_thread_in_native, id=16608, stack(0x000000001c570000,0x000000001c670000)]
  0x000000001af77800 JavaThread "Daemon" [_thread_blocked, id=1016, stack(0x000000001c470000,0x000000001c570000)]
  0x000000001af1d000 JavaThread "Daemon periodic checks" [_thread_blocked, id=5160, stack(0x000000001c370000,0x000000001c470000)]
  0x000000001af0e000 JavaThread "Incoming local TCP Connector on port 50556" [_thread_in_native, id=20536, stack(0x000000001c130000,0x000000001c230000)]
  0x000000001ae73800 JavaThread "Daemon health stats" [_thread_blocked, id=616, stack(0x000000001baf0000,0x000000001bbf0000)]
  0x0000000018529000 JavaThread "Service Thread" daemon [_thread_blocked, id=20096, stack(0x0000000019150000,0x0000000019250000)]
  0x00000000184d4000 JavaThread "C1 CompilerThread3" daemon [_thread_blocked, id=22908, stack(0x0000000019050000,0x0000000019150000)]
=>0x0000000018489000 JavaThread "C2 CompilerThread2" daemon [_thread_in_native, id=14644, stack(0x0000000018f50000,0x0000000019050000)]
  0x0000000018486000 JavaThread "C2 CompilerThread1" daemon [_thread_in_native, id=6736, stack(0x0000000018e50000,0x0000000018f50000)]
  0x000000001669d800 JavaThread "C2 CompilerThread0" daemon [_thread_blocked, id=9740, stack(0x0000000018d50000,0x0000000018e50000)]
  0x000000001669c800 JavaThread "Attach Listener" daemon [_thread_blocked, id=24528, stack(0x0000000018c50000,0x0000000018d50000)]
  0x00000000184d1800 JavaThread "Signal Dispatcher" daemon [_thread_blocked, id=18992, stack(0x0000000018b50000,0x0000000018c50000)]
  0x0000000018471000 JavaThread "Finalizer" daemon [_thread_blocked, id=18280, stack(0x0000000018950000,0x0000000018a50000)]
  0x0000000018470800 JavaThread "Reference Handler" daemon [_thread_blocked, id=23752, stack(0x0000000018850000,0x0000000018950000)]
  0x00000000027d2800 JavaThread "main" [_thread_blocked, id=21448, stack(0x00000000026a0000,0x00000000027a0000)]

Other Threads:
  0x0000000016686800 VMThread [stack: 0x0000000018350000,0x0000000018450000] [id=21512]
  0x000000001848e000 WatcherThread [stack: 0x0000000019250000,0x0000000019350000] [id=18892]

VM state:not at safepoint (normal execution)

VM Mutex/Monitor currently owned by a thread: None

OutOfMemory and StackOverflow Exception counts:
OutOfMemoryError java_heap_errors=5

heap address: 0x00000000a0000000, size: 1536 MB, Compressed Oops mode: 32-bit
Narrow klass base: 0x0000000000000000, Narrow klass shift: 3
Compressed class space size: 1073741824 Address: 0x0000000100000000

Heap:
 PSYoungGen      total 336896K, used 312205K [0x00000000e0000000, 0x00000000ff000000, 0x0000000100000000)
  eden space 292864K, 91% used [0x00000000e0000000,0x00000000f06490a0,0x00000000f1e00000)
  from space 44032K, 99% used [0x00000000f1e00000,0x00000000f489a630,0x00000000f4900000)
  to   space 107520K, 0% used [0x00000000f8700000,0x00000000f8700000,0x00000000ff000000)
 ParOldGen       total 510464K, used 231148K [0x00000000a0000000, 0x00000000bf280000, 0x00000000e0000000)
  object space 510464K, 45% used [0x00000000a0000000,0x00000000ae1bb3b0,0x00000000bf280000)
 Metaspace       used 92879K, capacity 96332K, committed 96472K, reserved 1132544K
  class space    used 12229K, capacity 13013K, committed 13016K, reserved 1048576K

Card table byte_map: [0x0000000011c90000,0x0000000011fa0000] byte_map_base: 0x0000000011790000

Marking Bits: (ParMarkBitMap*) 0x000000005da89f30
 Begin Bits: [0x00000000129a0000, 0x00000000141a0000)
 End Bits:   [0x00000000141a0000, 0x00000000159a0000)

Polling page: 0x0000000000e40000

CodeCache: size=245760Kb used=46374Kb max_used=47979Kb free=199385Kb
 bounds [0x00000000028d0000, 0x00000000057e0000, 0x00000000118d0000]
 total_blobs=14343 nmethods=13468 adapters=786
 compilation: enabled

Compilation events (10 events):
Event: 38.888 Thread 0x00000000184d4000 nmethod 16644 0x00000000057c4f10 code [0x00000000057c5120, 0x00000000057c59a8]
Event: 38.888 Thread 0x00000000184d4000 16659       3       java.io.ObjectInputStream$GetFieldImpl::<init> (47 bytes)
Event: 38.889 Thread 0x00000000184d4000 nmethod 16659 0x00000000057c47d0 code [0x00000000057c4940, 0x00000000057c4d70]
Event: 38.889 Thread 0x00000000184d4000 16660       3       java.io.ObjectInputStream$GetField::<init> (5 bytes)
Event: 38.889 Thread 0x00000000184d4000 nmethod 16660 0x00000000057c4410 code [0x00000000057c4560, 0x00000000057c4710]
Event: 38.889 Thread 0x00000000184d4000 16661   !   3       sun.reflect.GeneratedSerializationConstructorAccessor18::newInstance (49 bytes)
Event: 38.890 Thread 0x00000000184d4000 nmethod 16661 0x00000000057c3bd0 code [0x00000000057c3d80, 0x00000000057c41c8]
Event: 38.890 Thread 0x00000000184d4000 16662  s    3       java.io.File::readObject (80 bytes)
Event: 38.891 Thread 0x00000000184d4000 nmethod 16662 0x00000000057c6510 code [0x00000000057c66e0, 0x00000000057c6f18]
Event: 38.891 Thread 0x00000000184d4000 16667   !   3       sun.reflect.GeneratedMethodAccessor32::invoke (66 bytes)

GC Heap History (10 events):
Event: 22.908 GC heap before
{Heap before GC invocations=17 (full 3):
 PSYoungGen      total 269312K, used 269310K [0x00000000e0000000, 0x00000000f7880000, 0x0000000100000000)
  eden space 237568K, 100% used [0x00000000e0000000,0x00000000ee800000,0x00000000ee800000)
  from space 31744K, 99% used [0x00000000ee800000,0x00000000f06ff800,0x00000000f0700000)
  to   space 47104K, 0% used [0x00000000f4a80000,0x00000000f4a80000,0x00000000f7880000)
 ParOldGen       total 212992K, used 83003K [0x00000000a0000000, 0x00000000ad000000, 0x00000000e0000000)
  object space 212992K, 38% used [0x00000000a0000000,0x00000000a510edf0,0x00000000ad000000)
 Metaspace       used 74174K, capacity 76892K, committed 77144K, reserved 1116160K
  class space    used 9930K, capacity 10553K, committed 10584K, reserved 1048576K
Event: 22.977 GC heap after
Heap after GC invocations=17 (full 3):
 PSYoungGen      total 309760K, used 47078K [0x00000000e0000000, 0x00000000fb600000, 0x0000000100000000)
  eden space 262656K, 0% used [0x00000000e0000000,0x00000000e0000000,0x00000000f0080000)
  from space 47104K, 99% used [0x00000000f4a80000,0x00000000f7879930,0x00000000f7880000)
  to   space 75776K, 0% used [0x00000000f0080000,0x00000000f0080000,0x00000000f4a80000)
 ParOldGen       total 212992K, used 139747K [0x00000000a0000000, 0x00000000ad000000, 0x00000000e0000000)
  object space 212992K, 65% used [0x00000000a0000000,0x00000000a8878de0,0x00000000ad000000)
 Metaspace       used 74174K, capacity 76892K, committed 77144K, reserved 1116160K
  class space    used 9930K, capacity 10553K, committed 10584K, reserved 1048576K
}
Event: 24.977 GC heap before
{Heap before GC invocations=18 (full 3):
 PSYoungGen      total 309760K, used 309734K [0x00000000e0000000, 0x00000000fb600000, 0x0000000100000000)
  eden space 262656K, 100% used [0x00000000e0000000,0x00000000f0080000,0x00000000f0080000)
  from space 47104K, 99% used [0x00000000f4a80000,0x00000000f7879930,0x00000000f7880000)
  to   space 75776K, 0% used [0x00000000f0080000,0x00000000f0080000,0x00000000f4a80000)
 ParOldGen       total 212992K, used 139747K [0x00000000a0000000, 0x00000000ad000000, 0x00000000e0000000)
  object space 212992K, 65% used [0x00000000a0000000,0x00000000a8878de0,0x00000000ad000000)
 Metaspace       used 79820K, capacity 82602K, committed 83032K, reserved 1120256K
  class space    used 10599K, capacity 11226K, committed 11352K, reserved 1048576K
Event: 25.089 GC heap after
Heap after GC invocations=18 (full 3):
 PSYoungGen      total 338432K, used 75751K [0x00000000e0000000, 0x0000000100000000, 0x0000000100000000)
  eden space 262656K, 0% used [0x00000000e0000000,0x00000000e0000000,0x00000000f0080000)
  from space 75776K, 99% used [0x00000000f0080000,0x00000000f4a79dc0,0x00000000f4a80000)
  to   space 118272K, 0% used [0x00000000f8c80000,0x00000000f8c80000,0x0000000100000000)
 ParOldGen       total 220160K, used 219819K [0x00000000a0000000, 0x00000000ad700000, 0x00000000e0000000)
  object space 220160K, 99% used [0x00000000a0000000,0x00000000ad6aaf50,0x00000000ad700000)
 Metaspace       used 79820K, capacity 82602K, committed 83032K, reserved 1120256K
  class space    used 10599K, capacity 11226K, committed 11352K, reserved 1048576K
}
Event: 25.089 GC heap before
{Heap before GC invocations=19 (full 4):
 PSYoungGen      total 338432K, used 75751K [0x00000000e0000000, 0x0000000100000000, 0x0000000100000000)
  eden space 262656K, 0% used [0x00000000e0000000,0x00000000e0000000,0x00000000f0080000)
  from space 75776K, 99% used [0x00000000f0080000,0x00000000f4a79dc0,0x00000000f4a80000)
  to   space 118272K, 0% used [0x00000000f8c80000,0x00000000f8c80000,0x0000000100000000)
 ParOldGen       total 220160K, used 219819K [0x00000000a0000000, 0x00000000ad700000, 0x00000000e0000000)
  object space 220160K, 99% used [0x00000000a0000000,0x00000000ad6aaf50,0x00000000ad700000)
 Metaspace       used 79820K, capacity 82602K, committed 83032K, reserved 1120256K
  class space    used 10599K, capacity 11226K, committed 11352K, reserved 1048576K
Event: 26.147 GC heap after
Heap after GC invocations=19 (full 4):
 PSYoungGen      total 338432K, used 11400K [0x00000000e0000000, 0x0000000100000000, 0x0000000100000000)
  eden space 262656K, 0% used [0x00000000e0000000,0x00000000e0000000,0x00000000f0080000)
  from space 75776K, 15% used [0x00000000f0080000,0x00000000f0ba2288,0x00000000f4a80000)
  to   space 118272K, 0% used [0x00000000f8c80000,0x00000000f8c80000,0x0000000100000000)
 ParOldGen       total 510464K, used 219824K [0x00000000a0000000, 0x00000000bf280000, 0x00000000e0000000)
  object space 510464K, 43% used [0x00000000a0000000,0x00000000ad6ac0f8,0x00000000bf280000)
 Metaspace       used 79629K, capacity 82046K, committed 83032K, reserved 1120256K
  class space    used 10538K, capacity 11118K, committed 11352K, reserved 1048576K
}
Event: 28.781 GC heap before
{Heap before GC invocations=20 (full 4):
 PSYoungGen      total 338432K, used 274056K [0x00000000e0000000, 0x0000000100000000, 0x0000000100000000)
  eden space 262656K, 100% used [0x00000000e0000000,0x00000000f0080000,0x00000000f0080000)
  from space 75776K, 15% used [0x00000000f0080000,0x00000000f0ba2288,0x00000000f4a80000)
  to   space 118272K, 0% used [0x00000000f8c80000,0x00000000f8c80000,0x0000000100000000)
 ParOldGen       total 510464K, used 219824K [0x00000000a0000000, 0x00000000bf280000, 0x00000000e0000000)
  object space 510464K, 43% used [0x00000000a0000000,0x00000000ad6ac0f8,0x00000000bf280000)
 Metaspace       used 81378K, capacity 83774K, committed 84696K, reserved 1122304K
  class space    used 10660K, capacity 11246K, committed 11480K, reserved 1048576K
Event: 28.844 GC heap after
Heap after GC invocations=20 (full 4):
 PSYoungGen      total 411136K, used 24591K [0x00000000e0000000, 0x0000000100000000, 0x0000000100000000)
  eden space 292864K, 0% used [0x00000000e0000000,0x00000000e0000000,0x00000000f1e00000)
  from space 118272K, 20% used [0x00000000f8c80000,0x00000000fa483f88,0x0000000100000000)
  to   space 113152K, 0% used [0x00000000f1e00000,0x00000000f1e00000,0x00000000f8c80000)
 ParOldGen       total 510464K, used 231140K [0x00000000a0000000, 0x00000000bf280000, 0x00000000e0000000)
  object space 510464K, 45% used [0x00000000a0000000,0x00000000ae1b93b0,0x00000000bf280000)
 Metaspace       used 81378K, capacity 83774K, committed 84696K, reserved 1122304K
  class space    used 10660K, capacity 11246K, committed 11480K, reserved 1048576K
}
Event: 35.414 GC heap before
{Heap before GC invocations=21 (full 4):
 PSYoungGen      total 411136K, used 317455K [0x00000000e0000000, 0x0000000100000000, 0x0000000100000000)
  eden space 292864K, 100% used [0x00000000e0000000,0x00000000f1e00000,0x00000000f1e00000)
  from space 118272K, 20% used [0x00000000f8c80000,0x00000000fa483f88,0x0000000100000000)
  to   space 113152K, 0% used [0x00000000f1e00000,0x00000000f1e00000,0x00000000f8c80000)
 ParOldGen       total 510464K, used 231140K [0x00000000a0000000, 0x00000000bf280000, 0x00000000e0000000)
  object space 510464K, 45% used [0x00000000a0000000,0x00000000ae1b93b0,0x00000000bf280000)
 Metaspace       used 82449K, capacity 84970K, committed 85720K, reserved 1124352K
  class space    used 10766K, capacity 11344K, committed 11480K, reserved 1048576K
Event: 35.450 GC heap after
Heap after GC invocations=21 (full 4):
 PSYoungGen      total 336896K, used 43625K [0x00000000e0000000, 0x00000000ff000000, 0x0000000100000000)
  eden space 292864K, 0% used [0x00000000e0000000,0x00000000e0000000,0x00000000f1e00000)
  from space 44032K, 99% used [0x00000000f1e00000,0x00000000f489a630,0x00000000f4900000)
  to   space 107520K, 0% used [0x00000000f8700000,0x00000000f8700000,0x00000000ff000000)
 ParOldGen       total 510464K, used 231148K [0x00000000a0000000, 0x00000000bf280000, 0x00000000e0000000)
  object space 510464K, 45% used [0x00000000a0000000,0x00000000ae1bb3b0,0x00000000bf280000)
 Metaspace       used 82449K, capacity 84970K, committed 85720K, reserved 1124352K
  class space    used 10766K, capacity 11344K, committed 11480K, reserved 1048576K
}

Deoptimization events (10 events):
Event: 38.524 Thread 0x000000001afa4800 Uncommon trap: reason=class_check action=maybe_recompile pc=0x0000000003e69664 method=java.security.MessageDigest$Delegate.clone()Ljava/lang/Object; @ 4
Event: 38.558 Thread 0x000000001afa4800 Uncommon trap: reason=class_check action=maybe_recompile pc=0x000000000549a81c method=org.gradle.internal.fingerprint.impl.DefaultCurrentFileCollectionFingerprint.from(Ljava/lang/Iterable;Lorg/gradle/internal/fingerprint/FingerprintingStrategy;)Lorg/gradl
Event: 38.601 Thread 0x000000001afa4800 Uncommon trap: reason=class_check action=maybe_recompile pc=0x0000000002d0e3bc method=kotlin.reflect.jvm.internal.impl.protobuf.CodedInputStream.tryRefillBuffer(I)Z @ 175
Event: 38.605 Thread 0x000000001afa4800 Uncommon trap: reason=class_check action=maybe_recompile pc=0x0000000002d0e3bc method=kotlin.reflect.jvm.internal.impl.protobuf.CodedInputStream.tryRefillBuffer(I)Z @ 175
Event: 38.605 Thread 0x000000001afa4800 Uncommon trap: reason=class_check action=maybe_recompile pc=0x0000000002d0e3bc method=kotlin.reflect.jvm.internal.impl.protobuf.CodedInputStream.tryRefillBuffer(I)Z @ 175
Event: 38.607 Thread 0x000000001afa4800 Uncommon trap: reason=class_check action=maybe_recompile pc=0x0000000002d0e3bc method=kotlin.reflect.jvm.internal.impl.protobuf.CodedInputStream.tryRefillBuffer(I)Z @ 175
Event: 38.821 Thread 0x000000001afa4800 Uncommon trap: reason=unstable_if action=reinterpret pc=0x0000000003d9f09c method=java.io.ObjectOutputStream$BlockDataOutputStream.writeBytes(Ljava/lang/String;)V @ 22
Event: 38.826 Thread 0x000000001afa4800 Uncommon trap: reason=array_check action=maybe_recompile pc=0x00000000054ec7fc method=java.util.TimSort.reverseRange([Ljava/lang/Object;II)V @ 20
Event: 38.826 Thread 0x000000001afa4800 Uncommon trap: reason=array_check action=maybe_recompile pc=0x00000000054ec7fc method=java.util.TimSort.reverseRange([Ljava/lang/Object;II)V @ 20
Event: 38.834 Thread 0x000000001afa4800 Uncommon trap: reason=array_check action=maybe_recompile pc=0x00000000054ec7fc method=java.util.TimSort.reverseRange([Ljava/lang/Object;II)V @ 20

Classes redefined (0 events):
No events

Internal exceptions (10 events):
Event: 37.211 Thread 0x0000000022ec9800 Implicit null exception at 0x0000000002a7a1ef to 0x0000000002a7a2e1
Event: 37.211 Thread 0x000000001e12b800 Implicit null exception at 0x0000000002a7a1ef to 0x0000000002a7a2e1
Event: 37.211 Thread 0x0000000022ecc000 Implicit null exception at 0x0000000002a7a1ef to 0x0000000002a7a2e1
Event: 37.211 Thread 0x0000000022ed0000 Implicit null exception at 0x0000000002a7a1ef to 0x0000000002a7a2e1
Event: 38.469 Thread 0x0000000022ec8000 Exception <a 'sun/nio/fs/WindowsException'> (0x00000000eccfc870) thrown at [D:\src\AOSP-openjdk-cygwin\jdk8u\hotspot\src\share\vm\prims\jni.cpp, line 710]
Event: 38.820 Thread 0x000000001afa4800 Exception <a 'java/lang/NoSuchMethodError': <clinit>> (0x00000000ed8c0ba8) thrown at [D:\src\AOSP-openjdk-cygwin\jdk8u\hotspot\src\share\vm\prims\jni.cpp, line 1614]
Event: 38.821 Thread 0x000000001afa4800 Exception <a 'java/lang/NoSuchMethodError': <clinit>> (0x00000000ed8c59c0) thrown at [D:\src\AOSP-openjdk-cygwin\jdk8u\hotspot\src\share\vm\prims\jni.cpp, line 1614]
Event: 38.826 Thread 0x000000001afa4800 Exception <a 'java/lang/NoSuchMethodError': <clinit>> (0x00000000ed911680) thrown at [D:\src\AOSP-openjdk-cygwin\jdk8u\hotspot\src\share\vm\prims\jni.cpp, line 1614]
Event: 38.834 Thread 0x000000001afa4800 Exception <a 'java/lang/NoSuchMethodError': <clinit>> (0x00000000ed97f9e0) thrown at [D:\src\AOSP-openjdk-cygwin\jdk8u\hotspot\src\share\vm\prims\jni.cpp, line 1614]
Event: 38.837 Thread 0x000000001afa4800 Exception <a 'java/lang/NoSuchMethodError': <clinit>> (0x00000000ed9a1818) thrown at [D:\src\AOSP-openjdk-cygwin\jdk8u\hotspot\src\share\vm\prims\jni.cpp, line 1614]

Events (10 events):
Event: 38.851 Thread 0x000000001afa4800 DEOPT UNPACKING pc=0x00000000029175d0 sp=0x000000001ca67730 mode 0
Event: 38.852 Thread 0x0000000022eca800 Thread added: 0x0000000022eca800
Event: 38.852 loading class com/android/build/gradle/internal/scope/BuildElements$WorkersBasedScheduler$transform$2
Event: 38.852 loading class com/android/build/gradle/internal/scope/BuildElements$WorkersBasedScheduler$transform$2 done
Event: 38.853 loading class com/android/build/gradle/internal/scope/ApkData
Event: 38.853 loading class com/android/build/gradle/internal/scope/ApkData done
Event: 38.853 loading class com/android/build/gradle/internal/scope/ApkData
Event: 38.853 loading class com/android/build/gradle/internal/scope/ApkData done
Event: 38.853 loading class com/android/ide/common/workers/WorkerExecutorException
Event: 38.853 loading class com/android/ide/common/workers/WorkerExecutorException done


Dynamic libraries:
0x00007ff6cc440000 - 0x00007ff6cc471000 	D:\Program Files (x86)\android studio\jre\bin\java.exe
0x00007fff03590000 - 0x00007fff03785000 	C:\WINDOWS\SYSTEM32\ntdll.dll
0x00007fff02530000 - 0x00007fff025ed000 	C:\WINDOWS\System32\KERNEL32.DLL
0x00007fff00e20000 - 0x00007fff010e8000 	C:\WINDOWS\System32\KERNELBASE.dll
0x00007fff033f0000 - 0x00007fff0349c000 	C:\WINDOWS\System32\ADVAPI32.dll
0x00007fff03030000 - 0x00007fff030ce000 	C:\WINDOWS\System32\msvcrt.dll
0x00007fff01a90000 - 0x00007fff01b2b000 	C:\WINDOWS\System32\sechost.dll
0x00007fff02e30000 - 0x00007fff02f5b000 	C:\WINDOWS\System32\RPCRT4.dll
0x00007fff02950000 - 0x00007fff02af0000 	C:\WINDOWS\System32\USER32.dll
0x00007fff015d0000 - 0x00007fff015f2000 	C:\WINDOWS\System32\win32u.dll
0x00007fff03180000 - 0x00007fff031aa000 	C:\WINDOWS\System32\GDI32.dll
0x00007fff01210000 - 0x00007fff0131b000 	C:\WINDOWS\System32\gdi32full.dll
0x00007fff00cd0000 - 0x00007fff00d6d000 	C:\WINDOWS\System32\msvcp_win.dll
0x00007fff01370000 - 0x00007fff01470000 	C:\WINDOWS\System32\ucrtbase.dll
0x00007ffeec190000 - 0x00007ffeec42a000 	C:\WINDOWS\WinSxS\amd64_microsoft.windows.common-controls_6595b64144ccf1df_6.0.19041.1052_none_60b8f8fd71f5e8cb\COMCTL32.dll
0x00007fff03520000 - 0x00007fff03550000 	C:\WINDOWS\System32\IMM32.DLL
0x000000005f620000 - 0x000000005f6f2000 	D:\Program Files (x86)\android studio\jre\jre\bin\msvcr100.dll
0x000000005d2c0000 - 0x000000005db06000 	D:\Program Files (x86)\android studio\jre\jre\bin\server\jvm.dll
0x00007fff034a0000 - 0x00007fff034a8000 	C:\WINDOWS\System32\PSAPI.DLL
0x00007ffeff330000 - 0x00007ffeff339000 	C:\WINDOWS\SYSTEM32\WSOCK32.dll
0x00007ffef6560000 - 0x00007ffef6587000 	C:\WINDOWS\SYSTEM32\WINMM.dll
0x00007fff034b0000 - 0x00007fff0351b000 	C:\WINDOWS\System32\WS2_32.dll
0x00007ffef83f0000 - 0x00007ffef83fa000 	C:\WINDOWS\SYSTEM32\VERSION.dll
0x00007ffefc120000 - 0x00007ffefc12f000 	D:\Program Files (x86)\android studio\jre\jre\bin\verify.dll
0x00007ffefc0f0000 - 0x00007ffefc119000 	D:\Program Files (x86)\android studio\jre\jre\bin\java.dll
0x00007ffefc050000 - 0x00007ffefc066000 	D:\Program Files (x86)\android studio\jre\jre\bin\zip.dll
0x00007fff01bb0000 - 0x00007fff022ef000 	C:\WINDOWS\System32\SHELL32.dll
0x00007ffefe870000 - 0x00007ffeff000000 	C:\WINDOWS\SYSTEM32\windows.storage.dll
0x00007fff025f0000 - 0x00007fff02945000 	C:\WINDOWS\System32\combase.dll
0x00007fff00740000 - 0x00007fff0076c000 	C:\WINDOWS\SYSTEM32\Wldp.dll
0x00007fff030d0000 - 0x00007fff0317e000 	C:\WINDOWS\System32\SHCORE.dll
0x00007fff02b60000 - 0x00007fff02bb5000 	C:\WINDOWS\System32\shlwapi.dll
0x00007fff00c10000 - 0x00007fff00c2f000 	C:\WINDOWS\SYSTEM32\profapi.dll
0x00007ffef8450000 - 0x00007ffef846a000 	D:\Program Files (x86)\android studio\jre\jre\bin\net.dll
0x00007ffef6960000 - 0x00007ffef6b4c000 	C:\WINDOWS\SYSTEM32\urlmon.dll
0x00007ffeeddd0000 - 0x00007ffeee080000 	C:\WINDOWS\SYSTEM32\iertutil.dll
0x00007fff004b0000 - 0x00007fff0051a000 	C:\WINDOWS\system32\mswsock.dll
0x00007ffef6240000 - 0x00007ffef6253000 	D:\Program Files (x86)\android studio\jre\jre\bin\nio.dll
0x00007ffeef3c0000 - 0x00007ffeef3e6000 	C:\Users\Eldad\.gradle\native\30\windows-amd64\native-platform.dll
0x00007ffefb060000 - 0x00007ffefb06d000 	D:\Program Files (x86)\android studio\jre\jre\bin\management.dll
0x00007fff00690000 - 0x00007fff006a8000 	C:\WINDOWS\SYSTEM32\CRYPTSP.dll
0x00007ffeffde0000 - 0x00007ffeffe14000 	C:\WINDOWS\system32\rsaenh.dll
0x00007fff01150000 - 0x00007fff01177000 	C:\WINDOWS\System32\bcrypt.dll
0x00007fff00b90000 - 0x00007fff00bbe000 	C:\WINDOWS\SYSTEM32\USERENV.dll
0x00007fff01180000 - 0x00007fff01203000 	C:\WINDOWS\System32\bcryptprimitives.dll
0x00007fff00680000 - 0x00007fff0068c000 	C:\WINDOWS\SYSTEM32\CRYPTBASE.dll
0x00007fff00150000 - 0x00007fff0018b000 	C:\WINDOWS\SYSTEM32\IPHLPAPI.DLL
0x00007fff02af0000 - 0x00007fff02af8000 	C:\WINDOWS\System32\NSI.dll
0x00007ffef85a0000 - 0x00007ffef85b7000 	C:\WINDOWS\SYSTEM32\dhcpcsvc6.DLL
0x00007ffef9450000 - 0x00007ffef946d000 	C:\WINDOWS\SYSTEM32\dhcpcsvc.DLL
0x00007fff001a0000 - 0x00007fff0026c000 	C:\WINDOWS\SYSTEM32\DNSAPI.dll

VM Arguments:
jvm_args: -Xmx1536m -Dfile.encoding=windows-1255 -Duser.country=IL -Duser.language=iw -Duser.variant 
java_command: org.gradle.launcher.daemon.bootstrap.GradleDaemon 5.6.4
java_class_path (initial): C:\Users\Eldad\.gradle\wrapper\dists\gradle-5.6.4-all\ankdp27end7byghfw1q2sw75f\gradle-5.6.4\lib\gradle-launcher-5.6.4.jar
Launcher Type: SUN_STANDARD

Environment Variables:
PATH=C:\ProgramData\Oracle\Java\javapath;C:\Program Files\PHP\v7.0;C:\Program Files (x86)\Intel\iCLS Client\;C:\Program Files\Intel\iCLS Client\;C:\Windows\system32;C:\Windows;C:\Windows\System32\Wbem;C:\Windows\System32\WindowsPowerShell\v1.0\;C:\Program Files (x86)\Intel\Intel(R) Management Engine Components\DAL;C:\Program Files\Intel\Intel(R) Management Engine Components\DAL;C:\Program Files (x86)\Intel\Intel(R) Management Engine Components\IPT;C:\Program Files\Intel\Intel(R) Management Engine Components\IPT;C:\Program Files (x86)\NVIDIA Corporation\PhysX\Common;C:\WINDOWS\system32;C:\WINDOWS;C:\WINDOWS\System32\Wbem;C:\WINDOWS\System32\WindowsPowerShell\v1.0\;C:\Program Files (x86)\Windows Live\Shared;C:\Users\Eldad\AppData\Local\Microsoft\WindowsApps;C:\Program Files (x86)\Microsoft VS Code\bin;C:\Program Files\Intel\WiFi\bin\;C:\Program Files\Common Files\Intel\WirelessCommon\;C:\WINDOWS\System32\WindowsPowerShell\v1.;C:\WINDOWS\system32;C:\WINDOWS;C:\WINDOWS\System32\Wbem;C:\WINDOWS\System32\WindowsPowerShell\v1.0\;C:\WINDOWS\System32\OpenSSH\;C:\test;C:\Program Files (x86)\Java\jre1.8.0_241\bin;C:\Program Files\PuTTY\;C:\Users\Eldad\AppData\Local\Microsoft\WindowsApps;
USERNAME=Eldad
OS=Windows_NT
PROCESSOR_IDENTIFIER=Intel64 Family 6 Model 94 Stepping 3, GenuineIntel



---------------  S Y S T E M  ---------------

OS: Windows 10.0 , 64 bit Build 19041 (10.0.19041.1023)

CPU:total 8 (initial active 8) (4 cores per cpu, 2 threads per core) family 6 model 94 stepping 3, cmov, cx8, fxsr, mmx, sse, sse2, sse3, ssse3, sse4.1, sse4.2, popcnt, avx, avx2, aes, clmul, erms, rtm, 3dnowpref, lzcnt, ht, tsc, tscinvbit, bmi1, bmi2, adx

Memory: 4k page, physical 16642064k(1187952k free), swap 66973712k(180076k free)

vm_info: OpenJDK 64-Bit Server VM (25.212-b04) for windows-amd64 JRE (1.8.0_212-release-1586-b04), built by "builder" with MS VC++ 10.0 (VS2010)

time: Mon Jun 28 01:27:49 2021
timezone: שעון קיץ ירושלים
elapsed time: 40 seconds (0d 0h 0m 40s)

