#
# There is insufficient memory for the Java Runtime Environment to continue.
# Native memory allocation (malloc) failed to allocate 131088 bytes for Chunk::new
# Possible reasons:
#   The system is out of physical RAM or swap space
#   The process is running with CompressedOops enabled, and the Java Heap may be blocking the growth of the native heap
# Possible solutions:
#   Reduce memory load on the system
#   Increase physical memory or swap space
#   Check if swap backing store is full
#   Decrease Java heap size (-Xmx/-Xms)
#   Decrease number of Java threads
#   Decrease Java thread stack sizes (-Xss)
#   Set larger code cache with -XX:ReservedCodeCacheSize=
#   JVM is running with Unscaled Compressed Oops mode in which the Java heap is
#     placed in the first 4GB address space. The Java Heap base address is the
#     maximum limit for the native heap growth. Please use -XX:HeapBaseMinAddress
#     to set the Java Heap base and to place the Java Heap above 4GB virtual address.
# This output file may be truncated or incomplete.
#
#  Out of Memory Error (allocation.cpp:389), pid=10348, tid=0x00000000000051d0
#
# JRE version: OpenJDK Runtime Environment (8.0_212-b04) (build 1.8.0_212-release-1586-b04)
# Java VM: OpenJDK 64-Bit Server VM (25.212-b04 mixed mode windows-amd64 compressed oops)
# Failed to write core dump. Minidumps are not enabled by default on client versions of Windows
#

---------------  T H R E A D  ---------------

Current thread (0x0000000018222000):  JavaThread "C2 CompilerThread0" daemon [_thread_in_native, id=20944, stack(0x0000000018af0000,0x0000000018bf0000)]

Stack: [0x0000000018af0000,0x0000000018bf0000]
[error occurred during error reporting (printing stack bounds), id 0xc0000005]

Native frames: (J=compiled Java code, j=interpreted, Vv=VM code, C=native code)


Current CompileTask:
C2:  31709 13604       4       com.android.tools.r8.ir.regalloc.LinearScanRegisterAllocator::a (3993 bytes)


---------------  P R O C E S S  ---------------

Java Threads: ( => current thread )
  0x000000002150a000 JavaThread "WorkerExecutor Queue Thread 8" [_thread_in_Java, id=2860, stack(0x0000000028490000,0x0000000028590000)]
  0x0000000021506000 JavaThread "WorkerExecutor Queue Thread 7" [_thread_blocked, id=19580, stack(0x0000000028390000,0x0000000028490000)]
  0x000000002150b800 JavaThread "WorkerExecutor Queue Thread 6" [_thread_blocked, id=7084, stack(0x0000000028290000,0x0000000028390000)]
  0x000000001d11e000 JavaThread "WorkerExecutor Queue Thread 5" [_thread_in_native, id=16804, stack(0x0000000028190000,0x0000000028290000)]
  0x000000001d11f800 JavaThread "WorkerExecutor Queue Thread 4" [_thread_blocked, id=3724, stack(0x0000000027980000,0x0000000027a80000)]
  0x000000001d114000 JavaThread "WorkerExecutor Queue Thread 3" [_thread_blocked, id=1308, stack(0x0000000027880000,0x0000000027980000)]
  0x000000001d11c800 JavaThread "WorkerExecutor Queue Thread 2" [_thread_blocked, id=8296, stack(0x0000000027780000,0x0000000027880000)]
  0x000000001d11b800 JavaThread "WorkerExecutor Queue" [_thread_in_native, id=6584, stack(0x0000000027680000,0x0000000027780000)]
  0x000000001d115000 JavaThread "Cache worker for execution history cache (D:\Nachos_04.03.2021\.gradle\5.6.4\executionHistory)" [_thread_blocked, id=25316, stack(0x0000000026140000,0x0000000026240000)]
  0x000000001d118800 JavaThread "Execution worker for ':' Thread 7" [_thread_blocked, id=21420, stack(0x0000000026040000,0x0000000026140000)]
  0x000000001d118000 JavaThread "Execution worker for ':' Thread 6" [_thread_blocked, id=10876, stack(0x0000000025f40000,0x0000000026040000)]
  0x000000001d116800 JavaThread "Execution worker for ':' Thread 5" [_thread_blocked, id=16360, stack(0x0000000025e40000,0x0000000025f40000)]
  0x000000001d110800 JavaThread "Execution worker for ':' Thread 4" [_thread_blocked, id=20412, stack(0x0000000025d40000,0x0000000025e40000)]
  0x000000001d111000 JavaThread "Execution worker for ':' Thread 3" [_thread_blocked, id=26016, stack(0x00000000249d0000,0x0000000024ad0000)]
  0x0000000018474800 JavaThread "Execution worker for ':' Thread 2" [_thread_blocked, id=20532, stack(0x00000000248d0000,0x00000000249d0000)]
  0x0000000018475800 JavaThread "Execution worker for ':'" [_thread_blocked, id=12408, stack(0x0000000024360000,0x0000000024460000)]
  0x0000000018473000 JavaThread "Cache worker for file content cache (D:\Nachos_04.03.2021\.gradle\5.6.4\fileContent)" [_thread_blocked, id=21312, stack(0x00000000245d0000,0x00000000246d0000)]
  0x0000000018479000 JavaThread "Cache worker for file content cache (C:\Users\Eldad\.gradle\caches\5.6.4\fileContent)" [_thread_blocked, id=7368, stack(0x00000000244d0000,0x00000000245d0000)]
  0x0000000018477000 JavaThread "Memory manager" [_thread_blocked, id=23496, stack(0x0000000023840000,0x0000000023940000)]
  0x0000000018474000 JavaThread "Cache worker for Build Output Cleanup Cache (D:\Nachos_04.03.2021\.gradle\buildOutputCleanup)" [_thread_blocked, id=4080, stack(0x0000000022fe0000,0x00000000230e0000)]
  0x000000001846b800 JavaThread "Build operations Thread 8" [_thread_blocked, id=6716, stack(0x0000000023540000,0x0000000023640000)]
  0x0000000018472800 JavaThread "Build operations Thread 7" [_thread_blocked, id=11644, stack(0x0000000023440000,0x0000000023540000)]
  0x000000001846b000 JavaThread "Build operations Thread 6" [_thread_blocked, id=11336, stack(0x0000000023340000,0x0000000023440000)]
  0x0000000018471800 JavaThread "Build operations Thread 5" [_thread_blocked, id=12308, stack(0x0000000023240000,0x0000000023340000)]
  0x000000001846a000 JavaThread "Build operations Thread 4" [_thread_blocked, id=18908, stack(0x0000000023140000,0x0000000023240000)]
  0x0000000018471000 JavaThread "Build operations Thread 3" [_thread_blocked, id=18072, stack(0x0000000022620000,0x0000000022720000)]
  0x000000001846f800 JavaThread "Build operations Thread 2" [_thread_blocked, id=23924, stack(0x0000000022520000,0x0000000022620000)]
  0x000000001846e800 JavaThread "Build operations" [_thread_blocked, id=16088, stack(0x0000000022420000,0x0000000022520000)]
  0x0000000018470000 JavaThread "Cache worker for execution history cache (C:\Users\Eldad\.gradle\caches\5.6.4\executionHistory)" [_thread_blocked, id=15172, stack(0x0000000022320000,0x0000000022420000)]
  0x000000001846e000 JavaThread "Cache worker for cache directory md-rule (C:\Users\Eldad\.gradle\caches\5.6.4\md-rule)" [_thread_blocked, id=19384, stack(0x0000000022220000,0x0000000022320000)]
  0x000000001846c800 JavaThread "Cache worker for cache directory md-supplier (C:\Users\Eldad\.gradle\caches\5.6.4\md-supplier)" [_thread_blocked, id=18956, stack(0x000000001f690000,0x000000001f790000)]
  0x0000000018287000 JavaThread "Cache worker for file hash cache (D:\Nachos_04.03.2021\.gradle\5.6.4\fileHashes)" [_thread_blocked, id=26548, stack(0x000000001f370000,0x000000001f470000)]
  0x0000000018285000 JavaThread "Cache worker for journal cache (C:\Users\Eldad\.gradle\caches\journal-1)" [_thread_blocked, id=24404, stack(0x000000001d010000,0x000000001d110000)]
  0x0000000018284000 JavaThread "File lock request listener" [_thread_in_native, id=9740, stack(0x000000001cf10000,0x000000001d010000)]
  0x0000000018283800 JavaThread "Cache worker for file hash cache (C:\Users\Eldad\.gradle\caches\5.6.4\fileHashes)" [_thread_blocked, id=9276, stack(0x000000001ce10000,0x000000001cf10000)]
  0x000000001ac4b000 JavaThread "Thread-9" [_thread_blocked, id=16528, stack(0x000000001cb10000,0x000000001cc10000)]
  0x000000001ac49800 JavaThread "Stdin handler" [_thread_blocked, id=18816, stack(0x000000001ca10000,0x000000001cb10000)]
  0x000000001ac43800 JavaThread "Asynchronous log dispatcher for DefaultDaemonConnection: socket connection from /127.0.0.1:52087 to /127.0.0.1:52088" [_thread_blocked, id=10996, stack(0x000000001c810000,0x000000001c910000)]
  0x000000001abf7000 JavaThread "Daemon worker" [_thread_blocked, id=23180, stack(0x000000001c710000,0x000000001c810000)]
  0x000000001abf6800 JavaThread "Cancel handler" [_thread_blocked, id=9012, stack(0x000000001c610000,0x000000001c710000)]
  0x000000001abb3800 JavaThread "Handler for socket connection from /127.0.0.1:52087 to /127.0.0.1:52088" [_thread_in_native, id=5420, stack(0x000000001c310000,0x000000001c410000)]
  0x000000001abb0000 JavaThread "Daemon" [_thread_blocked, id=26880, stack(0x000000001c210000,0x000000001c310000)]
  0x000000001aba3800 JavaThread "Daemon periodic checks" [_thread_blocked, id=20344, stack(0x000000001c110000,0x000000001c210000)]
  0x000000001ab4c000 JavaThread "Incoming local TCP Connector on port 52087" [_thread_in_native, id=17784, stack(0x000000001bed0000,0x000000001bfd0000)]
  0x000000001a8be000 JavaThread "Daemon health stats" [_thread_blocked, id=21680, stack(0x000000001b890000,0x000000001b990000)]
  0x00000000182c8000 JavaThread "Service Thread" daemon [_thread_blocked, id=20272, stack(0x0000000018ef0000,0x0000000018ff0000)]
  0x0000000018280800 JavaThread "C1 CompilerThread3" daemon [_thread_blocked, id=1556, stack(0x0000000018df0000,0x0000000018ef0000)]
  0x0000000018272000 JavaThread "C2 CompilerThread2" daemon [_thread_in_native, id=19132, stack(0x0000000018cf0000,0x0000000018df0000)]
  0x000000001822a800 JavaThread "C2 CompilerThread1" daemon [_thread_in_native, id=19152, stack(0x0000000018bf0000,0x0000000018cf0000)]
=>0x0000000018222000 JavaThread "C2 CompilerThread0" daemon [_thread_in_native, id=20944, stack(0x0000000018af0000,0x0000000018bf0000)]
  0x000000001826f000 JavaThread "Attach Listener" daemon [_thread_blocked, id=19004, stack(0x00000000189f0000,0x0000000018af0000)]
  0x000000001826e800 JavaThread "Signal Dispatcher" daemon [_thread_blocked, id=27080, stack(0x00000000188f0000,0x00000000189f0000)]
  0x000000001642d000 JavaThread "Finalizer" daemon [_thread_blocked, id=8068, stack(0x00000000186f0000,0x00000000187f0000)]
  0x0000000018210800 JavaThread "Reference Handler" daemon [_thread_blocked, id=26436, stack(0x00000000185f0000,0x00000000186f0000)]
  0x0000000002572800 JavaThread "main" [_thread_blocked, id=11312, stack(0x0000000002470000,0x0000000002570000)]

Other Threads:
  0x0000000016426800 VMThread [stack: 0x00000000180f0000,0x00000000181f0000] [id=9536]
  0x00000000182c8800 WatcherThread [stack: 0x0000000018ff0000,0x00000000190f0000] [id=4932]

VM state:not at safepoint (normal execution)

VM Mutex/Monitor currently owned by a thread: None

heap address: 0x00000000a0000000, size: 1536 MB, Compressed Oops mode: 32-bit
Narrow klass base: 0x0000000000000000, Narrow klass shift: 3
Compressed class space size: 1073741824 Address: 0x0000000100000000

Heap:
 PSYoungGen      total 366592K, used 210502K [0x00000000e0000000, 0x00000000fc680000, 0x0000000100000000)
  eden space 315392K, 63% used [0x00000000e0000000,0x00000000ec24eae0,0x00000000f3400000)
  from space 51200K, 22% used [0x00000000f3400000,0x00000000f3f42f00,0x00000000f6600000)
  to   space 49664K, 0% used [0x00000000f9600000,0x00000000f9600000,0x00000000fc680000)
 ParOldGen       total 223744K, used 129234K [0x00000000a0000000, 0x00000000ada80000, 0x00000000e0000000)
  object space 223744K, 57% used [0x00000000a0000000,0x00000000a7e348d0,0x00000000ada80000)
 Metaspace       used 75620K, capacity 79411K, committed 79528K, reserved 1118208K
  class space    used 10311K, capacity 11091K, committed 11176K, reserved 1048576K

Card table byte_map: [0x0000000011a30000,0x0000000011d40000] byte_map_base: 0x0000000011530000

Marking Bits: (ParMarkBitMap*) 0x0000000058259f30
 Begin Bits: [0x0000000012740000, 0x0000000013f40000)
 End Bits:   [0x0000000013f40000, 0x0000000015740000)

Polling page: 0x0000000000c10000

CodeCache: size=245760Kb used=38217Kb max_used=38922Kb free=207543Kb
 bounds [0x0000000002670000, 0x0000000004cd0000, 0x0000000011670000]
 total_blobs=12203 nmethods=11367 adapters=746
 compilation: enabled

Compilation events (10 events):
Event: 24.263 Thread 0x000000001822a800 nmethod 13437 0x0000000004c6d910 code [0x0000000004c6e700, 0x0000000004c77cd8]
Event: 24.263 Thread 0x000000001822a800 13702 %     4       java.util.TimSort::mergeLo @ 153 (659 bytes)
Event: 24.276 Thread 0x000000001822a800 nmethod 13702% 0x0000000004c67b10 code [0x0000000004c67cc0, 0x0000000004c69038]
Event: 24.276 Thread 0x000000001822a800 13569       4       java.util.Collections$SetFromMap::isEmpty (10 bytes)
Event: 24.277 Thread 0x000000001822a800 nmethod 13569 0x0000000004c6a990 code [0x0000000004c6aae0, 0x0000000004c6ab98]
Event: 24.277 Thread 0x000000001822a800 13576       4       java.util.HashMap::getOrDefault (23 bytes)
Event: 24.281 Thread 0x000000001822a800 nmethod 13576 0x0000000004c6a2d0 code [0x0000000004c6a440, 0x0000000004c6a708]
Event: 24.282 Thread 0x000000001822a800 12386       4       com.android.tools.r8.u.b.n::remove (246 bytes)
Event: 24.308 Thread 0x000000001822a800 nmethod 12386 0x0000000004c63cd0 code [0x0000000004c63ee0, 0x0000000004c64b78]
Event: 24.308 Thread 0x000000001822a800 13558 %     4       com.android.tools.r8.ir.regalloc.LinearScanRegisterAllocator::a @ 9 (930 bytes)

GC Heap History (10 events):
Event: 18.947 GC heap before
{Heap before GC invocations=16 (full 3):
 PSYoungGen      total 241152K, used 241120K [0x00000000e0000000, 0x00000000f1780000, 0x0000000100000000)
  eden space 219136K, 100% used [0x00000000e0000000,0x00000000ed600000,0x00000000ed600000)
  from space 22016K, 99% used [0x00000000ef280000,0x00000000f07f80a0,0x00000000f0800000)
  to   space 29184K, 0% used [0x00000000ed600000,0x00000000ed600000,0x00000000ef280000)
 ParOldGen       total 223744K, used 50791K [0x00000000a0000000, 0x00000000ada80000, 0x00000000e0000000)
  object space 223744K, 22% used [0x00000000a0000000,0x00000000a3199cd0,0x00000000ada80000)
 Metaspace       used 64491K, capacity 67169K, committed 67368K, reserved 1107968K
  class space    used 8850K, capacity 9442K, committed 9512K, reserved 1048576K
Event: 18.977 GC heap after
Heap after GC invocations=16 (full 3):
 PSYoungGen      total 248320K, used 29152K [0x00000000e0000000, 0x00000000f4b00000, 0x0000000100000000)
  eden space 219136K, 0% used [0x00000000e0000000,0x00000000e0000000,0x00000000ed600000)
  from space 29184K, 99% used [0x00000000ed600000,0x00000000ef2780b0,0x00000000ef280000)
  to   space 36864K, 0% used [0x00000000f2700000,0x00000000f2700000,0x00000000f4b00000)
 ParOldGen       total 223744K, used 60439K [0x00000000a0000000, 0x00000000ada80000, 0x00000000e0000000)
  object space 223744K, 27% used [0x00000000a0000000,0x00000000a3b05ee8,0x00000000ada80000)
 Metaspace       used 64491K, capacity 67169K, committed 67368K, reserved 1107968K
  class space    used 8850K, capacity 9442K, committed 9512K, reserved 1048576K
}
Event: 20.169 GC heap before
{Heap before GC invocations=17 (full 3):
 PSYoungGen      total 248320K, used 248288K [0x00000000e0000000, 0x00000000f4b00000, 0x0000000100000000)
  eden space 219136K, 100% used [0x00000000e0000000,0x00000000ed600000,0x00000000ed600000)
  from space 29184K, 99% used [0x00000000ed600000,0x00000000ef2780b0,0x00000000ef280000)
  to   space 36864K, 0% used [0x00000000f2700000,0x00000000f2700000,0x00000000f4b00000)
 ParOldGen       total 223744K, used 60439K [0x00000000a0000000, 0x00000000ada80000, 0x00000000e0000000)
  object space 223744K, 27% used [0x00000000a0000000,0x00000000a3b05ee8,0x00000000ada80000)
 Metaspace       used 72276K, capacity 75677K, committed 75816K, reserved 1114112K
  class space    used 10021K, capacity 10756K, committed 10792K, reserved 1048576K
Event: 20.224 GC heap after
Heap after GC invocations=17 (full 3):
 PSYoungGen      total 284672K, used 36843K [0x00000000e0000000, 0x00000000f7880000, 0x0000000100000000)
  eden space 247808K, 0% used [0x00000000e0000000,0x00000000e0000000,0x00000000ef200000)
  from space 36864K, 99% used [0x00000000f2700000,0x00000000f4afaf90,0x00000000f4b00000)
  to   space 54272K, 0% used [0x00000000ef200000,0x00000000ef200000,0x00000000f2700000)
 ParOldGen       total 223744K, used 92088K [0x00000000a0000000, 0x00000000ada80000, 0x00000000e0000000)
  object space 223744K, 41% used [0x00000000a0000000,0x00000000a59ee2f8,0x00000000ada80000)
 Metaspace       used 72276K, capacity 75677K, committed 75816K, reserved 1114112K
  class space    used 10021K, capacity 10756K, committed 10792K, reserved 1048576K
}
Event: 21.299 GC heap before
{Heap before GC invocations=18 (full 3):
 PSYoungGen      total 284672K, used 284651K [0x00000000e0000000, 0x00000000f7880000, 0x0000000100000000)
  eden space 247808K, 100% used [0x00000000e0000000,0x00000000ef200000,0x00000000ef200000)
  from space 36864K, 99% used [0x00000000f2700000,0x00000000f4afaf90,0x00000000f4b00000)
  to   space 54272K, 0% used [0x00000000ef200000,0x00000000ef200000,0x00000000f2700000)
 ParOldGen       total 223744K, used 92088K [0x00000000a0000000, 0x00000000ada80000, 0x00000000e0000000)
  object space 223744K, 41% used [0x00000000a0000000,0x00000000a59ee2f8,0x00000000ada80000)
 Metaspace       used 74300K, capacity 77935K, committed 78120K, reserved 1116160K
  class space    used 10282K, capacity 11035K, committed 11048K, reserved 1048576K
Event: 21.345 GC heap after
Heap after GC invocations=18 (full 3):
 PSYoungGen      total 302080K, used 10129K [0x00000000e0000000, 0x00000000f9f80000, 0x0000000100000000)
  eden space 247808K, 0% used [0x00000000e0000000,0x00000000e0000000,0x00000000ef200000)
  from space 54272K, 18% used [0x00000000ef200000,0x00000000efbe47a0,0x00000000f2700000)
  to   space 52736K, 0% used [0x00000000f6c00000,0x00000000f6c00000,0x00000000f9f80000)
 ParOldGen       total 223744K, used 126391K [0x00000000a0000000, 0x00000000ada80000, 0x00000000e0000000)
  object space 223744K, 56% used [0x00000000a0000000,0x00000000a7b6dee8,0x00000000ada80000)
 Metaspace       used 74300K, capacity 77935K, committed 78120K, reserved 1116160K
  class space    used 10282K, capacity 11035K, committed 11048K, reserved 1048576K
}
Event: 22.427 GC heap before
{Heap before GC invocations=19 (full 3):
 PSYoungGen      total 302080K, used 257937K [0x00000000e0000000, 0x00000000f9f80000, 0x0000000100000000)
  eden space 247808K, 100% used [0x00000000e0000000,0x00000000ef200000,0x00000000ef200000)
  from space 54272K, 18% used [0x00000000ef200000,0x00000000efbe47a0,0x00000000f2700000)
  to   space 52736K, 0% used [0x00000000f6c00000,0x00000000f6c00000,0x00000000f9f80000)
 ParOldGen       total 223744K, used 126391K [0x00000000a0000000, 0x00000000ada80000, 0x00000000e0000000)
  object space 223744K, 56% used [0x00000000a0000000,0x00000000a7b6dee8,0x00000000ada80000)
 Metaspace       used 75117K, capacity 78911K, committed 79272K, reserved 1118208K
  class space    used 10298K, capacity 11049K, committed 11176K, reserved 1048576K
Event: 22.443 GC heap after
Heap after GC invocations=19 (full 3):
 PSYoungGen      total 360448K, used 11877K [0x00000000e0000000, 0x00000000f9800000, 0x0000000100000000)
  eden space 315392K, 0% used [0x00000000e0000000,0x00000000e0000000,0x00000000f3400000)
  from space 45056K, 26% used [0x00000000f6c00000,0x00000000f77997d0,0x00000000f9800000)
  to   space 51200K, 0% used [0x00000000f3400000,0x00000000f3400000,0x00000000f6600000)
 ParOldGen       total 223744K, used 129234K [0x00000000a0000000, 0x00000000ada80000, 0x00000000e0000000)
  object space 223744K, 57% used [0x00000000a0000000,0x00000000a7e348d0,0x00000000ada80000)
 Metaspace       used 75117K, capacity 78911K, committed 79272K, reserved 1118208K
  class space    used 10298K, capacity 11049K, committed 11176K, reserved 1048576K
}
Event: 23.619 GC heap before
{Heap before GC invocations=20 (full 3):
 PSYoungGen      total 360448K, used 327269K [0x00000000e0000000, 0x00000000f9800000, 0x0000000100000000)
  eden space 315392K, 100% used [0x00000000e0000000,0x00000000f3400000,0x00000000f3400000)
  from space 45056K, 26% used [0x00000000f6c00000,0x00000000f77997d0,0x00000000f9800000)
  to   space 51200K, 0% used [0x00000000f3400000,0x00000000f3400000,0x00000000f6600000)
 ParOldGen       total 223744K, used 129234K [0x00000000a0000000, 0x00000000ada80000, 0x00000000e0000000)
  object space 223744K, 57% used [0x00000000a0000000,0x00000000a7e348d0,0x00000000ada80000)
 Metaspace       used 75402K, capacity 79187K, committed 79528K, reserved 1118208K
  class space    used 10308K, capacity 11087K, committed 11176K, reserved 1048576K
Event: 23.626 GC heap after
Heap after GC invocations=20 (full 3):
 PSYoungGen      total 366592K, used 11531K [0x00000000e0000000, 0x00000000fc680000, 0x0000000100000000)
  eden space 315392K, 0% used [0x00000000e0000000,0x00000000e0000000,0x00000000f3400000)
  from space 51200K, 22% used [0x00000000f3400000,0x00000000f3f42f00,0x00000000f6600000)
  to   space 49664K, 0% used [0x00000000f9600000,0x00000000f9600000,0x00000000fc680000)
 ParOldGen       total 223744K, used 129234K [0x00000000a0000000, 0x00000000ada80000, 0x00000000e0000000)
  object space 223744K, 57% used [0x00000000a0000000,0x00000000a7e348d0,0x00000000ada80000)
 Metaspace       used 75402K, capacity 79187K, committed 79528K, reserved 1118208K
  class space    used 10308K, capacity 11087K, committed 11176K, reserved 1048576K
}

Deoptimization events (10 events):
Event: 23.465 Thread 0x000000002150a000 Uncommon trap: reason=bimorphic action=maybe_recompile pc=0x00000000046510b4 method=com.android.tools.r8.ir.optimize.Z.a(Lcom/android/tools/r8/u/b/T;Lcom/android/tools/r8/ir/regalloc/LinearScanRegisterAllocator;)V @ 138
Event: 23.641 Thread 0x000000002150a000 Uncommon trap: reason=unstable_if action=reinterpret pc=0x0000000004bc6a84 method=com.android.tools.r8.ir.regalloc.LinearScanRegisterAllocator.getRegisterForValue(Lcom/android/tools/r8/u/b/g1;I)I @ 32
Event: 23.686 Thread 0x000000002150a000 Uncommon trap: reason=unstable_if action=reinterpret pc=0x0000000004b6d60c method=com.android.tools.r8.u.b.M0.a(Lcom/android/tools/r8/u/c/M;)V @ 111
Event: 23.767 Thread 0x000000002150a000 Uncommon trap: reason=unstable_if action=reinterpret pc=0x0000000004bf9cb0 method=com.android.tools.r8.ir.regalloc.a.compareTo(Ljava/lang/Object;)I @ 88
Event: 23.796 Thread 0x000000002150a000 Uncommon trap: reason=class_check action=maybe_recompile pc=0x0000000004bfcbf0 method=java.util.stream.AbstractPipeline.wrapAndCopyInto(Ljava/util/stream/Sink;Ljava/util/Spliterator;)Ljava/util/stream/Sink; @ 6
Event: 23.796 Thread 0x000000002150a000 Uncommon trap: reason=class_check action=maybe_recompile pc=0x0000000004bfcbf0 method=java.util.stream.AbstractPipeline.wrapAndCopyInto(Ljava/util/stream/Sink;Ljava/util/Spliterator;)Ljava/util/stream/Sink; @ 6
Event: 23.797 Thread 0x000000002150a000 Uncommon trap: reason=class_check action=maybe_recompile pc=0x0000000004bfcbf0 method=java.util.stream.AbstractPipeline.wrapAndCopyInto(Ljava/util/stream/Sink;Ljava/util/Spliterator;)Ljava/util/stream/Sink; @ 6
Event: 23.797 Thread 0x000000002150a000 Uncommon trap: reason=class_check action=maybe_recompile pc=0x0000000004bfcbf0 method=java.util.stream.AbstractPipeline.wrapAndCopyInto(Ljava/util/stream/Sink;Ljava/util/Spliterator;)Ljava/util/stream/Sink; @ 6
Event: 23.800 Thread 0x000000002150a000 Uncommon trap: reason=unstable_if action=reinterpret pc=0x0000000004c00bd4 method=com.android.tools.r8.ir.regalloc.a.compareTo(Ljava/lang/Object;)I @ 28
Event: 24.072 Thread 0x000000001aba3800 Uncommon trap: reason=speculate_class_check action=maybe_recompile pc=0x00000000038f06dc method=java.util.AbstractList.listIterator()Ljava/util/ListIterator; @ 2

Classes redefined (0 events):
No events

Internal exceptions (10 events):
Event: 22.134 Thread 0x000000001d11e000 Exception <a 'sun/nio/fs/WindowsException'> (0x00000000e91a37c8) thrown at [D:\src\AOSP-openjdk-cygwin\jdk8u\hotspot\src\share\vm\prims\jni.cpp, line 710]
Event: 22.148 Thread 0x000000001d11e000 Exception <a 'sun/nio/fs/WindowsException'> (0x00000000e91a94c0) thrown at [D:\src\AOSP-openjdk-cygwin\jdk8u\hotspot\src\share\vm\prims\jni.cpp, line 710]
Event: 22.153 Thread 0x000000001d11e000 Exception <a 'sun/nio/fs/WindowsException'> (0x00000000e91bd0a8) thrown at [D:\src\AOSP-openjdk-cygwin\jdk8u\hotspot\src\share\vm\prims\jni.cpp, line 710]
Event: 22.170 Thread 0x000000002150a000 Exception <a 'sun/nio/fs/WindowsException'> (0x00000000e95ac208) thrown at [D:\src\AOSP-openjdk-cygwin\jdk8u\hotspot\src\share\vm\prims\jni.cpp, line 710]
Event: 22.186 Thread 0x000000001d11e000 Exception <a 'sun/nio/fs/WindowsException'> (0x00000000e91c8530) thrown at [D:\src\AOSP-openjdk-cygwin\jdk8u\hotspot\src\share\vm\prims\jni.cpp, line 710]
Event: 22.201 Thread 0x000000001d11e000 Exception <a 'sun/nio/fs/WindowsException'> (0x00000000ea049fc8) thrown at [D:\src\AOSP-openjdk-cygwin\jdk8u\hotspot\src\share\vm\prims\jni.cpp, line 710]
Event: 22.279 Thread 0x000000001d11e000 Exception <a 'sun/nio/fs/WindowsException'> (0x00000000eb8c21c0) thrown at [D:\src\AOSP-openjdk-cygwin\jdk8u\hotspot\src\share\vm\prims\jni.cpp, line 710]
Event: 23.366 Thread 0x000000001d11e000 Exception <a 'sun/nio/fs/WindowsException'> (0x00000000ea603850) thrown at [D:\src\AOSP-openjdk-cygwin\jdk8u\hotspot\src\share\vm\prims\jni.cpp, line 710]
Event: 24.115 Thread 0x000000002150a000 Exception <a 'sun/nio/fs/WindowsException'> (0x00000000e728aa40) thrown at [D:\src\AOSP-openjdk-cygwin\jdk8u\hotspot\src\share\vm\prims\jni.cpp, line 710]
Event: 24.230 Thread 0x000000001d11e000 Exception <a 'sun/nio/fs/WindowsException'> (0x00000000e7457318) thrown at [D:\src\AOSP-openjdk-cygwin\jdk8u\hotspot\src\share\vm\prims\jni.cpp, line 710]

Events (10 events):
Event: 24.072 Thread 0x000000001aba3800 Uncommon trap: trap_request=0xffffff76 fr.pc=0x00000000038f06dc
Event: 24.072 Thread 0x000000001aba3800 DEOPT PACKING pc=0x00000000038f06dc sp=0x000000001c20ef10
Event: 24.072 Thread 0x000000001aba3800 DEOPT UNPACKING pc=0x00000000026b557b sp=0x000000001c20ee58 mode 2
Event: 24.093 Thread 0x000000002150a000 DEOPT PACKING pc=0x0000000004526472 sp=0x000000002858d920
Event: 24.093 Thread 0x000000002150a000 DEOPT UNPACKING pc=0x00000000026b75d0 sp=0x000000002858d668 mode 0
Event: 24.099 Executing VM operation: ForceSafepoint
Event: 24.099 Executing VM operation: ForceSafepoint done
Event: 24.220 Executing VM operation: RevokeBias
Event: 24.221 Executing VM operation: RevokeBias done
Event: 24.221 Thread 0x0000000021504800 Thread exited: 0x0000000021504800


Dynamic libraries:
0x00007ff6caa20000 - 0x00007ff6caa51000 	D:\Program Files (x86)\android studio\jre\bin\java.exe
0x00007fff1a360000 - 0x00007fff1a550000 	C:\WINDOWS\SYSTEM32\ntdll.dll
0x00007fff18be0000 - 0x00007fff18c92000 	C:\WINDOWS\System32\KERNEL32.DLL
0x00007fff175d0000 - 0x00007fff17875000 	C:\WINDOWS\System32\KERNELBASE.dll
0x00007fff19110000 - 0x00007fff191b3000 	C:\WINDOWS\System32\ADVAPI32.dll
0x00007fff19070000 - 0x00007fff1910e000 	C:\WINDOWS\System32\msvcrt.dll
0x00007fff189e0000 - 0x00007fff18a77000 	C:\WINDOWS\System32\sechost.dll
0x00007fff18e50000 - 0x00007fff18f6f000 	C:\WINDOWS\System32\RPCRT4.dll
0x00007fff18cb0000 - 0x00007fff18e44000 	C:\WINDOWS\System32\USER32.dll
0x00007fff183e0000 - 0x00007fff18401000 	C:\WINDOWS\System32\win32u.dll
0x00007fff1a0c0000 - 0x00007fff1a0e6000 	C:\WINDOWS\System32\GDI32.dll
0x00007fff18000000 - 0x00007fff18198000 	C:\WINDOWS\System32\gdi32full.dll
0x00007fff17530000 - 0x00007fff175ce000 	C:\WINDOWS\System32\msvcp_win.dll
0x00007fff172d0000 - 0x00007fff173ca000 	C:\WINDOWS\System32\ucrtbase.dll
0x00007fff166f0000 - 0x00007fff16974000 	C:\WINDOWS\WinSxS\amd64_microsoft.windows.common-controls_6595b64144ccf1df_6.0.18362.1440_none_9e7dbfb9e45e8e67\COMCTL32.dll
0x00007fff199f0000 - 0x00007fff19d26000 	C:\WINDOWS\System32\combase.dll
0x00007fff174a0000 - 0x00007fff17521000 	C:\WINDOWS\System32\bcryptPrimitives.dll
0x00007fff189b0000 - 0x00007fff189de000 	C:\WINDOWS\System32\IMM32.DLL
0x0000000058880000 - 0x0000000058952000 	D:\Program Files (x86)\android studio\jre\jre\bin\msvcr100.dll
0x0000000057a90000 - 0x00000000582d6000 	D:\Program Files (x86)\android studio\jre\jre\bin\server\jvm.dll
0x00007fff18ca0000 - 0x00007fff18ca8000 	C:\WINDOWS\System32\PSAPI.DLL
0x00007fff154d0000 - 0x00007fff154d9000 	C:\WINDOWS\SYSTEM32\WSOCK32.dll
0x00007fff0ea80000 - 0x00007fff0ea8a000 	C:\WINDOWS\SYSTEM32\VERSION.dll
0x00007fff10350000 - 0x00007fff10374000 	C:\WINDOWS\SYSTEM32\WINMM.dll
0x00007fff102f0000 - 0x00007fff1031d000 	C:\WINDOWS\SYSTEM32\winmmbase.dll
0x00007fff181d0000 - 0x00007fff1821a000 	C:\WINDOWS\System32\cfgmgr32.dll
0x00007fff18f80000 - 0x00007fff18fef000 	C:\WINDOWS\System32\WS2_32.dll
0x00007fff11de0000 - 0x00007fff11def000 	D:\Program Files (x86)\android studio\jre\jre\bin\verify.dll
0x00007fff05ca0000 - 0x00007fff05cc9000 	D:\Program Files (x86)\android studio\jre\jre\bin\java.dll
0x00007fff106a0000 - 0x00007fff106b6000 	D:\Program Files (x86)\android studio\jre\jre\bin\zip.dll
0x00007fff19290000 - 0x00007fff19978000 	C:\WINDOWS\System32\SHELL32.dll
0x00007fff1a0f0000 - 0x00007fff1a197000 	C:\WINDOWS\System32\shcore.dll
0x00007fff17880000 - 0x00007fff17ffb000 	C:\WINDOWS\System32\windows.storage.dll
0x00007fff172b0000 - 0x00007fff172ce000 	C:\WINDOWS\System32\profapi.dll
0x00007fff17240000 - 0x00007fff1728a000 	C:\WINDOWS\System32\powrprof.dll
0x00007fff17210000 - 0x00007fff17220000 	C:\WINDOWS\System32\UMPDC.dll
0x00007fff19990000 - 0x00007fff199e2000 	C:\WINDOWS\System32\shlwapi.dll
0x00007fff17290000 - 0x00007fff172a1000 	C:\WINDOWS\System32\kernel.appcore.dll
0x00007fff17480000 - 0x00007fff17497000 	C:\WINDOWS\System32\cryptsp.dll
0x00007fff0aae0000 - 0x00007fff0aafa000 	D:\Program Files (x86)\android studio\jre\jre\bin\net.dll
0x00007fff09b60000 - 0x00007fff09d37000 	C:\WINDOWS\SYSTEM32\urlmon.dll
0x00007fff09f30000 - 0x00007fff0a1d7000 	C:\WINDOWS\SYSTEM32\iertutil.dll
0x00007fff165c0000 - 0x00007fff165cc000 	C:\WINDOWS\SYSTEM32\CRYPTBASE.DLL
0x00007fff16390000 - 0x00007fff163f7000 	C:\WINDOWS\system32\mswsock.dll
0x00007fff05500000 - 0x00007fff05513000 	D:\Program Files (x86)\android studio\jre\jre\bin\nio.dll
0x00007ffefd540000 - 0x00007ffefd566000 	C:\Users\Eldad\.gradle\native\30\windows-amd64\native-platform.dll
0x00007fff11af0000 - 0x00007fff11afd000 	D:\Program Files (x86)\android studio\jre\jre\bin\management.dll
0x00007fff15f40000 - 0x00007fff15f73000 	C:\WINDOWS\system32\rsaenh.dll
0x00007fff181a0000 - 0x00007fff181c6000 	C:\WINDOWS\System32\bcrypt.dll
0x00007fff17130000 - 0x00007fff17155000 	C:\WINDOWS\SYSTEM32\USERENV.dll
0x00007fff160d0000 - 0x00007fff1610a000 	C:\WINDOWS\SYSTEM32\IPHLPAPI.DLL
0x00007fff18f70000 - 0x00007fff18f78000 	C:\WINDOWS\System32\NSI.dll
0x00007fff0f120000 - 0x00007fff0f136000 	C:\WINDOWS\SYSTEM32\dhcpcsvc6.DLL
0x00007fff0f570000 - 0x00007fff0f58c000 	C:\WINDOWS\SYSTEM32\dhcpcsvc.DLL
0x00007fff16110000 - 0x00007fff161db000 	C:\WINDOWS\SYSTEM32\DNSAPI.dll

VM Arguments:
jvm_args: -Xmx1536m -Dfile.encoding=windows-1255 -Duser.country=IL -Duser.language=iw -Duser.variant 
java_command: org.gradle.launcher.daemon.bootstrap.GradleDaemon 5.6.4
java_class_path (initial): C:\Users\Eldad\.gradle\wrapper\dists\gradle-5.6.4-all\ankdp27end7byghfw1q2sw75f\gradle-5.6.4\lib\gradle-launcher-5.6.4.jar
Launcher Type: SUN_STANDARD

Environment Variables:
PATH=C:\Program Files (x86)\Common Files\Oracle\Java\javapath;C:\ProgramData\Oracle\Java\javapath;C:\Program Files\PHP\v7.0;C:\Program Files (x86)\Intel\iCLS Client\;C:\Program Files\Intel\iCLS Client\;C:\Windows\system32;C:\Windows;C:\Windows\System32\Wbem;C:\Windows\System32\WindowsPowerShell\v1.0\;C:\Program Files (x86)\Intel\Intel(R) Management Engine Components\DAL;C:\Program Files\Intel\Intel(R) Management Engine Components\DAL;C:\Program Files (x86)\Intel\Intel(R) Management Engine Components\IPT;C:\Program Files\Intel\Intel(R) Management Engine Components\IPT;C:\Program Files (x86)\NVIDIA Corporation\PhysX\Common;C:\WINDOWS\system32;C:\WINDOWS;C:\WINDOWS\System32\Wbem;C:\WINDOWS\System32\WindowsPowerShell\v1.0\;C:\Program Files (x86)\Windows Live\Shared;C:\Users\Eldad\AppData\Local\Microsoft\WindowsApps;C:\Program Files (x86)\Microsoft VS Code\bin;C:\Program Files\Intel\WiFi\bin\;C:\Program Files\Common Files\Intel\WirelessCommon\;C:\WINDOWS\System32\WindowsPowerShell\v1.;C:\WINDOWS\system32;C:\WINDOWS;C:\WINDOWS\System32\Wbem;C:\WINDOWS\System32\WindowsPowerShell\v1.0\;C:\WINDOWS\System32\OpenSSH\;C:\test;C:\Program Files (x86)\Java\jre1.8.0_241\bin;C:\Program Files\PuTTY\;C:\Users\Eldad\AppData\Local\Microsoft\WindowsApps;
USERNAME=Eldad
OS=Windows_NT
PROCESSOR_IDENTIFIER=Intel64 Family 6 Model 94 Stepping 3, GenuineIntel



---------------  S Y S T E M  ---------------

OS: Windows 10.0 , 64 bit Build 18362 (10.0.18362.1350)

CPU:total 8 (initial active 8) (4 cores per cpu, 2 threads per core) family 6 model 94 stepping 3, cmov, cx8, fxsr, mmx, sse, sse2, sse3, ssse3, sse4.1, sse4.2, popcnt, avx, avx2, aes, clmul, erms, rtm, 3dnowpref, lzcnt, ht, tsc, tscinvbit, bmi1, bmi2, adx

Memory: 4k page, physical 16642064k(1438600k free), swap 66973712k(596940k free)

vm_info: OpenJDK 64-Bit Server VM (25.212-b04) for windows-amd64 JRE (1.8.0_212-release-1586-b04), built by "builder" with MS VC++ 10.0 (VS2010)

time: Sun Apr 25 20:20:12 2021
timezone: שעון קיץ ירושלים
elapsed time: 34 seconds (0d 0h 0m 34s)

